2009-11-13 10:59:06,483 [Thread-1] ERROR StackTrace  - Sanitizing stacktrace:
org.springframework.beans.factory.BeanCreationException: Error creating bean with name 'grailsResourceLoader' defined in ServletContext resource [/WEB-INF/applicationContext.xml]: Invocation of init method failed; nested exception is java.lang.IllegalStateException: Resource path [/Developer/grails-dev/plugins/app-engine/web-app/grails-app] does not denote a directory
	at org.springframework.beans.factory.support.AbstractAutowireCapableBeanFactory.initializeBean(AbstractAutowireCapableBeanFactory.java:1395)
	at org.springframework.beans.factory.support.AbstractAutowireCapableBeanFactory.doCreateBean(AbstractAutowireCapableBeanFactory.java:512)
	at org.springframework.beans.factory.support.AbstractAutowireCapableBeanFactory.createBean(AbstractAutowireCapableBeanFactory.java:450)
	at org.springframework.beans.factory.support.AbstractBeanFactory$1.getObject(AbstractBeanFactory.java:289)
	at org.springframework.beans.factory.support.DefaultSingletonBeanRegistry.getSingleton(DefaultSingletonBeanRegistry.java:222)
	at org.springframework.beans.factory.support.AbstractBeanFactory.doGetBean(AbstractBeanFactory.java:286)
	at org.springframework.beans.factory.support.AbstractBeanFactory.getBean(AbstractBeanFactory.java:188)
	at org.springframework.beans.factory.support.BeanDefinitionValueResolver.resolveReference(BeanDefinitionValueResolver.java:322)
	at org.springframework.beans.factory.support.BeanDefinitionValueResolver.resolveValueIfNecessary(BeanDefinitionValueResolver.java:106)
	at org.springframework.beans.factory.support.AbstractAutowireCapableBeanFactory.applyPropertyValues(AbstractAutowireCapableBeanFactory.java:1299)
	at org.springframework.beans.factory.support.AbstractAutowireCapableBeanFactory.populateBean(AbstractAutowireCapableBeanFactory.java:1061)
	at org.springframework.beans.factory.support.AbstractAutowireCapableBeanFactory.doCreateBean(AbstractAutowireCapableBeanFactory.java:511)
	at org.springframework.beans.factory.support.AbstractAutowireCapableBeanFactory.createBean(AbstractAutowireCapableBeanFactory.java:450)
	at org.springframework.beans.factory.support.AbstractBeanFactory$1.getObject(AbstractBeanFactory.java:289)
	at org.springframework.beans.factory.support.DefaultSingletonBeanRegistry.getSingleton(DefaultSingletonBeanRegistry.java:222)
	at org.springframework.beans.factory.support.AbstractBeanFactory.doGetBean(AbstractBeanFactory.java:286)
	at org.springframework.beans.factory.support.AbstractBeanFactory.getBean(AbstractBeanFactory.java:188)
	at org.springframework.beans.factory.support.DefaultListableBeanFactory.preInstantiateSingletons(DefaultListableBeanFactory.java:526)
	at org.springframework.context.support.AbstractApplicationContext.finishBeanFactoryInitialization(AbstractApplicationContext.java:730)
	at org.springframework.context.support.AbstractApplicationContext.refresh(AbstractApplicationContext.java:387)
	at org.springframework.web.context.ContextLoader.createWebApplicationContext(ContextLoader.java:270)
	at org.codehaus.groovy.grails.web.context.GrailsContextLoader.createWebApplicationContext(GrailsContextLoader.java:65)
	at org.springframework.web.context.ContextLoader.initWebApplicationContext(ContextLoader.java:197)
	at org.springframework.web.context.ContextLoaderListener.contextInitialized(ContextLoaderListener.java:47)
	at org.mortbay.jetty.handler.ContextHandler.startContext(ContextHandler.java:530)
	at org.mortbay.jetty.servlet.Context.startContext(Context.java:135)
	at org.mortbay.jetty.webapp.WebAppContext.startContext(WebAppContext.java:1218)
	at org.mortbay.jetty.handler.ContextHandler.doStart(ContextHandler.java:500)
	at org.mortbay.jetty.webapp.WebAppContext.doStart(WebAppContext.java:448)
	at org.mortbay.component.AbstractLifeCycle.start(AbstractLifeCycle.java:40)
	at org.mortbay.jetty.handler.HandlerWrapper.doStart(HandlerWrapper.java:117)
	at org.mortbay.component.AbstractLifeCycle.start(AbstractLifeCycle.java:40)
	at org.mortbay.jetty.handler.HandlerWrapper.doStart(HandlerWrapper.java:117)
	at org.mortbay.jetty.Server.doStart(Server.java:217)
	at org.mortbay.component.AbstractLifeCycle.start(AbstractLifeCycle.java:40)
	at com.google.appengine.tools.development.JettyContainerService.startContainer(JettyContainerService.java:181)
	at com.google.appengine.tools.development.AbstractContainerService.startup(AbstractContainerService.java:116)
	at com.google.appengine.tools.development.DevAppServerImpl.start(DevAppServerImpl.java:217)
	at com.google.appengine.tools.development.DevAppServerMain$StartAction.apply(DevAppServerMain.java:162)
	at com.google.appengine.tools.util.Parser$ParseResult.applyArgs(Parser.java:48)
	at com.google.appengine.tools.development.DevAppServerMain.<init>(DevAppServerMain.java:113)
	at com.google.appengine.tools.development.DevAppServerMain.main(DevAppServerMain.java:89)
Caused by: java.lang.IllegalStateException: Resource path [/Developer/grails-dev/plugins/app-engine/web-app/grails-app] does not denote a directory
	at org.springframework.core.io.support.PathMatchingResourcePatternResolver.retrieveMatchingFiles(PathMatchingResourcePatternResolver.java:574)
	at org.springframework.core.io.support.PathMatchingResourcePatternResolver.doFindMatchingFileSystemResources(PathMatchingResourcePatternResolver.java:555)
	at org.springframework.core.io.support.PathMatchingResourcePatternResolver.doFindPathMatchingFileResources(PathMatchingResourcePatternResolver.java:538)
	at org.springframework.core.io.support.PathMatchingResourcePatternResolver.findPathMatchingResources(PathMatchingResourcePatternResolver.java:350)
	at org.springframework.core.io.support.PathMatchingResourcePatternResolver.getResources(PathMatchingResourcePatternResolver.java:282)
	at org.codehaus.groovy.grails.commons.GrailsResourceLoaderFactoryBean.afterPropertiesSet(GrailsResourceLoaderFactoryBean.java:67)
	at org.springframework.beans.factory.support.AbstractAutowireCapableBeanFactory$5.run(AbstractAutowireCapableBeanFactory.java:1445)
	at java.security.AccessController.doPrivileged(Native Method)
	at org.springframework.beans.factory.support.AbstractAutowireCapableBeanFactory.invokeInitMethods(AbstractAutowireCapableBeanFactory.java:1443)
	at org.springframework.beans.factory.support.AbstractAutowireCapableBeanFactory.initializeBean(AbstractAutowireCapableBeanFactory.java:1392)
	... 41 more
2009-11-13 10:59:06,488 [Thread-1] ERROR StackTrace  - Sanitizing stacktrace:
java.lang.IllegalStateException: Resource path [/Developer/grails-dev/plugins/app-engine/web-app/grails-app] does not denote a directory
	at org.springframework.core.io.support.PathMatchingResourcePatternResolver.retrieveMatchingFiles(PathMatchingResourcePatternResolver.java:574)
	at org.springframework.core.io.support.PathMatchingResourcePatternResolver.doFindMatchingFileSystemResources(PathMatchingResourcePatternResolver.java:555)
	at org.springframework.core.io.support.PathMatchingResourcePatternResolver.doFindPathMatchingFileResources(PathMatchingResourcePatternResolver.java:538)
	at org.springframework.core.io.support.PathMatchingResourcePatternResolver.findPathMatchingResources(PathMatchingResourcePatternResolver.java:350)
	at org.springframework.core.io.support.PathMatchingResourcePatternResolver.getResources(PathMatchingResourcePatternResolver.java:282)
	at org.codehaus.groovy.grails.commons.GrailsResourceLoaderFactoryBean.afterPropertiesSet(GrailsResourceLoaderFactoryBean.java:67)
	at org.springframework.beans.factory.support.AbstractAutowireCapableBeanFactory$5.run(AbstractAutowireCapableBeanFactory.java:1445)
	at java.security.AccessController.doPrivileged(Native Method)
	at org.springframework.beans.factory.support.AbstractAutowireCapableBeanFactory.invokeInitMethods(AbstractAutowireCapableBeanFactory.java:1443)
	at org.springframework.beans.factory.support.AbstractAutowireCapableBeanFactory.initializeBean(AbstractAutowireCapableBeanFactory.java:1392)
	at org.springframework.beans.factory.support.AbstractAutowireCapableBeanFactory.doCreateBean(AbstractAutowireCapableBeanFactory.java:512)
	at org.springframework.beans.factory.support.AbstractAutowireCapableBeanFactory.createBean(AbstractAutowireCapableBeanFactory.java:450)
	at org.springframework.beans.factory.support.AbstractBeanFactory$1.getObject(AbstractBeanFactory.java:289)
	at org.springframework.beans.factory.support.DefaultSingletonBeanRegistry.getSingleton(DefaultSingletonBeanRegistry.java:222)
	at org.springframework.beans.factory.support.AbstractBeanFactory.doGetBean(AbstractBeanFactory.java:286)
	at org.springframework.beans.factory.support.AbstractBeanFactory.getBean(AbstractBeanFactory.java:188)
	at org.springframework.beans.factory.support.BeanDefinitionValueResolver.resolveReference(BeanDefinitionValueResolver.java:322)
	at org.springframework.beans.factory.support.BeanDefinitionValueResolver.resolveValueIfNecessary(BeanDefinitionValueResolver.java:106)
	at org.springframework.beans.factory.support.AbstractAutowireCapableBeanFactory.applyPropertyValues(AbstractAutowireCapableBeanFactory.java:1299)
	at org.springframework.beans.factory.support.AbstractAutowireCapableBeanFactory.populateBean(AbstractAutowireCapableBeanFactory.java:1061)
	at org.springframework.beans.factory.support.AbstractAutowireCapableBeanFactory.doCreateBean(AbstractAutowireCapableBeanFactory.java:511)
	at org.springframework.beans.factory.support.AbstractAutowireCapableBeanFactory.createBean(AbstractAutowireCapableBeanFactory.java:450)
	at org.springframework.beans.factory.support.AbstractBeanFactory$1.getObject(AbstractBeanFactory.java:289)
	at org.springframework.beans.factory.support.DefaultSingletonBeanRegistry.getSingleton(DefaultSingletonBeanRegistry.java:222)
	at org.springframework.beans.factory.support.AbstractBeanFactory.doGetBean(AbstractBeanFactory.java:286)
	at org.springframework.beans.factory.support.AbstractBeanFactory.getBean(AbstractBeanFactory.java:188)
	at org.springframework.beans.factory.support.DefaultListableBeanFactory.preInstantiateSingletons(DefaultListableBeanFactory.java:526)
	at org.springframework.context.support.AbstractApplicationContext.finishBeanFactoryInitialization(AbstractApplicationContext.java:730)
	at org.springframework.context.support.AbstractApplicationContext.refresh(AbstractApplicationContext.java:387)
	at org.springframework.web.context.ContextLoader.createWebApplicationContext(ContextLoader.java:270)
	at org.codehaus.groovy.grails.web.context.GrailsContextLoader.createWebApplicationContext(GrailsContextLoader.java:65)
	at org.springframework.web.context.ContextLoader.initWebApplicationContext(ContextLoader.java:197)
	at org.springframework.web.context.ContextLoaderListener.contextInitialized(ContextLoaderListener.java:47)
	at org.mortbay.jetty.handler.ContextHandler.startContext(ContextHandler.java:530)
	at org.mortbay.jetty.servlet.Context.startContext(Context.java:135)
	at org.mortbay.jetty.webapp.WebAppContext.startContext(WebAppContext.java:1218)
	at org.mortbay.jetty.handler.ContextHandler.doStart(ContextHandler.java:500)
	at org.mortbay.jetty.webapp.WebAppContext.doStart(WebAppContext.java:448)
	at org.mortbay.component.AbstractLifeCycle.start(AbstractLifeCycle.java:40)
	at org.mortbay.jetty.handler.HandlerWrapper.doStart(HandlerWrapper.java:117)
	at org.mortbay.component.AbstractLifeCycle.start(AbstractLifeCycle.java:40)
	at org.mortbay.jetty.handler.HandlerWrapper.doStart(HandlerWrapper.java:117)
	at org.mortbay.jetty.Server.doStart(Server.java:217)
	at org.mortbay.component.AbstractLifeCycle.start(AbstractLifeCycle.java:40)
	at com.google.appengine.tools.development.JettyContainerService.startContainer(JettyContainerService.java:181)
	at com.google.appengine.tools.development.AbstractContainerService.startup(AbstractContainerService.java:116)
	at com.google.appengine.tools.development.DevAppServerImpl.start(DevAppServerImpl.java:217)
	at com.google.appengine.tools.development.DevAppServerMain$StartAction.apply(DevAppServerMain.java:162)
	at com.google.appengine.tools.util.Parser$ParseResult.applyArgs(Parser.java:48)
	at com.google.appengine.tools.development.DevAppServerMain.<init>(DevAppServerMain.java:113)
	at com.google.appengine.tools.development.DevAppServerMain.main(DevAppServerMain.java:89)
2009-11-13 10:59:06,489 [Thread-1] ERROR StackTrace  - Sanitizing stacktrace:
org.springframework.beans.factory.BeanCreationException: Error creating bean with name 'grailsApplication' defined in ServletContext resource [/WEB-INF/applicationContext.xml]: Cannot resolve reference to bean 'grailsResourceLoader' while setting bean property 'grailsResourceLoader'; nested exception is org.springframework.beans.factory.BeanCreationException: Error creating bean with name 'grailsResourceLoader' defined in ServletContext resource [/WEB-INF/applicationContext.xml]: Invocation of init method failed; nested exception is java.lang.IllegalStateException: Resource path [/Developer/grails-dev/plugins/app-engine/web-app/grails-app] does not denote a directory
	at org.springframework.beans.factory.support.BeanDefinitionValueResolver.resolveReference(BeanDefinitionValueResolver.java:328)
	at org.springframework.beans.factory.support.BeanDefinitionValueResolver.resolveValueIfNecessary(BeanDefinitionValueResolver.java:106)
	at org.springframework.beans.factory.support.AbstractAutowireCapableBeanFactory.applyPropertyValues(AbstractAutowireCapableBeanFactory.java:1299)
	at org.springframework.beans.factory.support.AbstractAutowireCapableBeanFactory.populateBean(AbstractAutowireCapableBeanFactory.java:1061)
	at org.springframework.beans.factory.support.AbstractAutowireCapableBeanFactory.doCreateBean(AbstractAutowireCapableBeanFactory.java:511)
	at org.springframework.beans.factory.support.AbstractAutowireCapableBeanFactory.createBean(AbstractAutowireCapableBeanFactory.java:450)
	at org.springframework.beans.factory.support.AbstractBeanFactory$1.getObject(AbstractBeanFactory.java:289)
	at org.springframework.beans.factory.support.DefaultSingletonBeanRegistry.getSingleton(DefaultSingletonBeanRegistry.java:222)
	at org.springframework.beans.factory.support.AbstractBeanFactory.doGetBean(AbstractBeanFactory.java:286)
	at org.springframework.beans.factory.support.AbstractBeanFactory.getBean(AbstractBeanFactory.java:188)
	at org.springframework.beans.factory.support.DefaultListableBeanFactory.preInstantiateSingletons(DefaultListableBeanFactory.java:526)
	at org.springframework.context.support.AbstractApplicationContext.finishBeanFactoryInitialization(AbstractApplicationContext.java:730)
	at org.springframework.context.support.AbstractApplicationContext.refresh(AbstractApplicationContext.java:387)
	at org.springframework.web.context.ContextLoader.createWebApplicationContext(ContextLoader.java:270)
	at org.codehaus.groovy.grails.web.context.GrailsContextLoader.createWebApplicationContext(GrailsContextLoader.java:65)
	at org.springframework.web.context.ContextLoader.initWebApplicationContext(ContextLoader.java:197)
	at org.springframework.web.context.ContextLoaderListener.contextInitialized(ContextLoaderListener.java:47)
	at org.mortbay.jetty.handler.ContextHandler.startContext(ContextHandler.java:530)
	at org.mortbay.jetty.servlet.Context.startContext(Context.java:135)
	at org.mortbay.jetty.webapp.WebAppContext.startContext(WebAppContext.java:1218)
	at org.mortbay.jetty.handler.ContextHandler.doStart(ContextHandler.java:500)
	at org.mortbay.jetty.webapp.WebAppContext.doStart(WebAppContext.java:448)
	at org.mortbay.component.AbstractLifeCycle.start(AbstractLifeCycle.java:40)
	at org.mortbay.jetty.handler.HandlerWrapper.doStart(HandlerWrapper.java:117)
	at org.mortbay.component.AbstractLifeCycle.start(AbstractLifeCycle.java:40)
	at org.mortbay.jetty.handler.HandlerWrapper.doStart(HandlerWrapper.java:117)
	at org.mortbay.jetty.Server.doStart(Server.java:217)
	at org.mortbay.component.AbstractLifeCycle.start(AbstractLifeCycle.java:40)
	at com.google.appengine.tools.development.JettyContainerService.startContainer(JettyContainerService.java:181)
	at com.google.appengine.tools.development.AbstractContainerService.startup(AbstractContainerService.java:116)
	at com.google.appengine.tools.development.DevAppServerImpl.start(DevAppServerImpl.java:217)
	at com.google.appengine.tools.development.DevAppServerMain$StartAction.apply(DevAppServerMain.java:162)
	at com.google.appengine.tools.util.Parser$ParseResult.applyArgs(Parser.java:48)
	at com.google.appengine.tools.development.DevAppServerMain.<init>(DevAppServerMain.java:113)
	at com.google.appengine.tools.development.DevAppServerMain.main(DevAppServerMain.java:89)
Caused by: org.springframework.beans.factory.BeanCreationException: Error creating bean with name 'grailsResourceLoader' defined in ServletContext resource [/WEB-INF/applicationContext.xml]: Invocation of init method failed; nested exception is java.lang.IllegalStateException: Resource path [/Developer/grails-dev/plugins/app-engine/web-app/grails-app] does not denote a directory
	... 7 more
Caused by: java.lang.IllegalStateException: Resource path [/Developer/grails-dev/plugins/app-engine/web-app/grails-app] does not denote a directory
	at java.security.AccessController.doPrivileged(Native Method)
	... 7 more
2009-11-13 11:02:13,246 [Thread-1] ERROR StackTrace  - Sanitizing stacktrace:
org.springframework.beans.factory.BeanCreationException: Error creating bean with name 'grailsResourceLoader' defined in ServletContext resource [/WEB-INF/applicationContext.xml]: Invocation of init method failed; nested exception is java.lang.IllegalStateException: Resource path [/Developer/grails-dev/plugins/app-engine/web-app/grails-app] does not denote a directory
	at org.springframework.beans.factory.support.AbstractAutowireCapableBeanFactory.initializeBean(AbstractAutowireCapableBeanFactory.java:1395)
	at org.springframework.beans.factory.support.AbstractAutowireCapableBeanFactory.doCreateBean(AbstractAutowireCapableBeanFactory.java:512)
	at org.springframework.beans.factory.support.AbstractAutowireCapableBeanFactory.createBean(AbstractAutowireCapableBeanFactory.java:450)
	at org.springframework.beans.factory.support.AbstractBeanFactory$1.getObject(AbstractBeanFactory.java:289)
	at org.springframework.beans.factory.support.DefaultSingletonBeanRegistry.getSingleton(DefaultSingletonBeanRegistry.java:222)
	at org.springframework.beans.factory.support.AbstractBeanFactory.doGetBean(AbstractBeanFactory.java:286)
	at org.springframework.beans.factory.support.AbstractBeanFactory.getBean(AbstractBeanFactory.java:188)
	at org.springframework.beans.factory.support.BeanDefinitionValueResolver.resolveReference(BeanDefinitionValueResolver.java:322)
	at org.springframework.beans.factory.support.BeanDefinitionValueResolver.resolveValueIfNecessary(BeanDefinitionValueResolver.java:106)
	at org.springframework.beans.factory.support.AbstractAutowireCapableBeanFactory.applyPropertyValues(AbstractAutowireCapableBeanFactory.java:1299)
	at org.springframework.beans.factory.support.AbstractAutowireCapableBeanFactory.populateBean(AbstractAutowireCapableBeanFactory.java:1061)
	at org.springframework.beans.factory.support.AbstractAutowireCapableBeanFactory.doCreateBean(AbstractAutowireCapableBeanFactory.java:511)
	at org.springframework.beans.factory.support.AbstractAutowireCapableBeanFactory.createBean(AbstractAutowireCapableBeanFactory.java:450)
	at org.springframework.beans.factory.support.AbstractBeanFactory$1.getObject(AbstractBeanFactory.java:289)
	at org.springframework.beans.factory.support.DefaultSingletonBeanRegistry.getSingleton(DefaultSingletonBeanRegistry.java:222)
	at org.springframework.beans.factory.support.AbstractBeanFactory.doGetBean(AbstractBeanFactory.java:286)
	at org.springframework.beans.factory.support.AbstractBeanFactory.getBean(AbstractBeanFactory.java:188)
	at org.springframework.beans.factory.support.DefaultListableBeanFactory.preInstantiateSingletons(DefaultListableBeanFactory.java:526)
	at org.springframework.context.support.AbstractApplicationContext.finishBeanFactoryInitialization(AbstractApplicationContext.java:730)
	at org.springframework.context.support.AbstractApplicationContext.refresh(AbstractApplicationContext.java:387)
	at org.springframework.web.context.ContextLoader.createWebApplicationContext(ContextLoader.java:270)
	at org.codehaus.groovy.grails.web.context.GrailsContextLoader.createWebApplicationContext(GrailsContextLoader.java:65)
	at org.springframework.web.context.ContextLoader.initWebApplicationContext(ContextLoader.java:197)
	at org.springframework.web.context.ContextLoaderListener.contextInitialized(ContextLoaderListener.java:47)
	at org.mortbay.jetty.handler.ContextHandler.startContext(ContextHandler.java:530)
	at org.mortbay.jetty.servlet.Context.startContext(Context.java:135)
	at org.mortbay.jetty.webapp.WebAppContext.startContext(WebAppContext.java:1218)
	at org.mortbay.jetty.handler.ContextHandler.doStart(ContextHandler.java:500)
	at org.mortbay.jetty.webapp.WebAppContext.doStart(WebAppContext.java:448)
	at org.mortbay.component.AbstractLifeCycle.start(AbstractLifeCycle.java:40)
	at org.mortbay.jetty.handler.HandlerWrapper.doStart(HandlerWrapper.java:117)
	at org.mortbay.component.AbstractLifeCycle.start(AbstractLifeCycle.java:40)
	at org.mortbay.jetty.handler.HandlerWrapper.doStart(HandlerWrapper.java:117)
	at org.mortbay.jetty.Server.doStart(Server.java:217)
	at org.mortbay.component.AbstractLifeCycle.start(AbstractLifeCycle.java:40)
	at com.google.appengine.tools.development.JettyContainerService.startContainer(JettyContainerService.java:181)
	at com.google.appengine.tools.development.AbstractContainerService.startup(AbstractContainerService.java:116)
	at com.google.appengine.tools.development.DevAppServerImpl.start(DevAppServerImpl.java:217)
	at com.google.appengine.tools.development.DevAppServerMain$StartAction.apply(DevAppServerMain.java:162)
	at com.google.appengine.tools.util.Parser$ParseResult.applyArgs(Parser.java:48)
	at com.google.appengine.tools.development.DevAppServerMain.<init>(DevAppServerMain.java:113)
	at com.google.appengine.tools.development.DevAppServerMain.main(DevAppServerMain.java:89)
Caused by: java.lang.IllegalStateException: Resource path [/Developer/grails-dev/plugins/app-engine/web-app/grails-app] does not denote a directory
	at org.springframework.core.io.support.PathMatchingResourcePatternResolver.retrieveMatchingFiles(PathMatchingResourcePatternResolver.java:574)
	at org.springframework.core.io.support.PathMatchingResourcePatternResolver.doFindMatchingFileSystemResources(PathMatchingResourcePatternResolver.java:555)
	at org.springframework.core.io.support.PathMatchingResourcePatternResolver.doFindPathMatchingFileResources(PathMatchingResourcePatternResolver.java:538)
	at org.springframework.core.io.support.PathMatchingResourcePatternResolver.findPathMatchingResources(PathMatchingResourcePatternResolver.java:350)
	at org.springframework.core.io.support.PathMatchingResourcePatternResolver.getResources(PathMatchingResourcePatternResolver.java:282)
	at org.codehaus.groovy.grails.commons.GrailsResourceLoaderFactoryBean.afterPropertiesSet(GrailsResourceLoaderFactoryBean.java:67)
	at org.springframework.beans.factory.support.AbstractAutowireCapableBeanFactory$5.run(AbstractAutowireCapableBeanFactory.java:1445)
	at java.security.AccessController.doPrivileged(Native Method)
	at org.springframework.beans.factory.support.AbstractAutowireCapableBeanFactory.invokeInitMethods(AbstractAutowireCapableBeanFactory.java:1443)
	at org.springframework.beans.factory.support.AbstractAutowireCapableBeanFactory.initializeBean(AbstractAutowireCapableBeanFactory.java:1392)
	... 41 more
2009-11-13 11:02:13,319 [Thread-1] ERROR StackTrace  - Sanitizing stacktrace:
java.lang.IllegalStateException: Resource path [/Developer/grails-dev/plugins/app-engine/web-app/grails-app] does not denote a directory
	at org.springframework.core.io.support.PathMatchingResourcePatternResolver.retrieveMatchingFiles(PathMatchingResourcePatternResolver.java:574)
	at org.springframework.core.io.support.PathMatchingResourcePatternResolver.doFindMatchingFileSystemResources(PathMatchingResourcePatternResolver.java:555)
	at org.springframework.core.io.support.PathMatchingResourcePatternResolver.doFindPathMatchingFileResources(PathMatchingResourcePatternResolver.java:538)
	at org.springframework.core.io.support.PathMatchingResourcePatternResolver.findPathMatchingResources(PathMatchingResourcePatternResolver.java:350)
	at org.springframework.core.io.support.PathMatchingResourcePatternResolver.getResources(PathMatchingResourcePatternResolver.java:282)
	at org.codehaus.groovy.grails.commons.GrailsResourceLoaderFactoryBean.afterPropertiesSet(GrailsResourceLoaderFactoryBean.java:67)
	at org.springframework.beans.factory.support.AbstractAutowireCapableBeanFactory$5.run(AbstractAutowireCapableBeanFactory.java:1445)
	at java.security.AccessController.doPrivileged(Native Method)
	at org.springframework.beans.factory.support.AbstractAutowireCapableBeanFactory.invokeInitMethods(AbstractAutowireCapableBeanFactory.java:1443)
	at org.springframework.beans.factory.support.AbstractAutowireCapableBeanFactory.initializeBean(AbstractAutowireCapableBeanFactory.java:1392)
	at org.springframework.beans.factory.support.AbstractAutowireCapableBeanFactory.doCreateBean(AbstractAutowireCapableBeanFactory.java:512)
	at org.springframework.beans.factory.support.AbstractAutowireCapableBeanFactory.createBean(AbstractAutowireCapableBeanFactory.java:450)
	at org.springframework.beans.factory.support.AbstractBeanFactory$1.getObject(AbstractBeanFactory.java:289)
	at org.springframework.beans.factory.support.DefaultSingletonBeanRegistry.getSingleton(DefaultSingletonBeanRegistry.java:222)
	at org.springframework.beans.factory.support.AbstractBeanFactory.doGetBean(AbstractBeanFactory.java:286)
	at org.springframework.beans.factory.support.AbstractBeanFactory.getBean(AbstractBeanFactory.java:188)
	at org.springframework.beans.factory.support.BeanDefinitionValueResolver.resolveReference(BeanDefinitionValueResolver.java:322)
	at org.springframework.beans.factory.support.BeanDefinitionValueResolver.resolveValueIfNecessary(BeanDefinitionValueResolver.java:106)
	at org.springframework.beans.factory.support.AbstractAutowireCapableBeanFactory.applyPropertyValues(AbstractAutowireCapableBeanFactory.java:1299)
	at org.springframework.beans.factory.support.AbstractAutowireCapableBeanFactory.populateBean(AbstractAutowireCapableBeanFactory.java:1061)
	at org.springframework.beans.factory.support.AbstractAutowireCapableBeanFactory.doCreateBean(AbstractAutowireCapableBeanFactory.java:511)
	at org.springframework.beans.factory.support.AbstractAutowireCapableBeanFactory.createBean(AbstractAutowireCapableBeanFactory.java:450)
	at org.springframework.beans.factory.support.AbstractBeanFactory$1.getObject(AbstractBeanFactory.java:289)
	at org.springframework.beans.factory.support.DefaultSingletonBeanRegistry.getSingleton(DefaultSingletonBeanRegistry.java:222)
	at org.springframework.beans.factory.support.AbstractBeanFactory.doGetBean(AbstractBeanFactory.java:286)
	at org.springframework.beans.factory.support.AbstractBeanFactory.getBean(AbstractBeanFactory.java:188)
	at org.springframework.beans.factory.support.DefaultListableBeanFactory.preInstantiateSingletons(DefaultListableBeanFactory.java:526)
	at org.springframework.context.support.AbstractApplicationContext.finishBeanFactoryInitialization(AbstractApplicationContext.java:730)
	at org.springframework.context.support.AbstractApplicationContext.refresh(AbstractApplicationContext.java:387)
	at org.springframework.web.context.ContextLoader.createWebApplicationContext(ContextLoader.java:270)
	at org.codehaus.groovy.grails.web.context.GrailsContextLoader.createWebApplicationContext(GrailsContextLoader.java:65)
	at org.springframework.web.context.ContextLoader.initWebApplicationContext(ContextLoader.java:197)
	at org.springframework.web.context.ContextLoaderListener.contextInitialized(ContextLoaderListener.java:47)
	at org.mortbay.jetty.handler.ContextHandler.startContext(ContextHandler.java:530)
	at org.mortbay.jetty.servlet.Context.startContext(Context.java:135)
	at org.mortbay.jetty.webapp.WebAppContext.startContext(WebAppContext.java:1218)
	at org.mortbay.jetty.handler.ContextHandler.doStart(ContextHandler.java:500)
	at org.mortbay.jetty.webapp.WebAppContext.doStart(WebAppContext.java:448)
	at org.mortbay.component.AbstractLifeCycle.start(AbstractLifeCycle.java:40)
	at org.mortbay.jetty.handler.HandlerWrapper.doStart(HandlerWrapper.java:117)
	at org.mortbay.component.AbstractLifeCycle.start(AbstractLifeCycle.java:40)
	at org.mortbay.jetty.handler.HandlerWrapper.doStart(HandlerWrapper.java:117)
	at org.mortbay.jetty.Server.doStart(Server.java:217)
	at org.mortbay.component.AbstractLifeCycle.start(AbstractLifeCycle.java:40)
	at com.google.appengine.tools.development.JettyContainerService.startContainer(JettyContainerService.java:181)
	at com.google.appengine.tools.development.AbstractContainerService.startup(AbstractContainerService.java:116)
	at com.google.appengine.tools.development.DevAppServerImpl.start(DevAppServerImpl.java:217)
	at com.google.appengine.tools.development.DevAppServerMain$StartAction.apply(DevAppServerMain.java:162)
	at com.google.appengine.tools.util.Parser$ParseResult.applyArgs(Parser.java:48)
	at com.google.appengine.tools.development.DevAppServerMain.<init>(DevAppServerMain.java:113)
	at com.google.appengine.tools.development.DevAppServerMain.main(DevAppServerMain.java:89)
2009-11-13 11:02:13,320 [Thread-1] ERROR StackTrace  - Sanitizing stacktrace:
org.springframework.beans.factory.BeanCreationException: Error creating bean with name 'grailsApplication' defined in ServletContext resource [/WEB-INF/applicationContext.xml]: Cannot resolve reference to bean 'grailsResourceLoader' while setting bean property 'grailsResourceLoader'; nested exception is org.springframework.beans.factory.BeanCreationException: Error creating bean with name 'grailsResourceLoader' defined in ServletContext resource [/WEB-INF/applicationContext.xml]: Invocation of init method failed; nested exception is java.lang.IllegalStateException: Resource path [/Developer/grails-dev/plugins/app-engine/web-app/grails-app] does not denote a directory
	at org.springframework.beans.factory.support.BeanDefinitionValueResolver.resolveReference(BeanDefinitionValueResolver.java:328)
	at org.springframework.beans.factory.support.BeanDefinitionValueResolver.resolveValueIfNecessary(BeanDefinitionValueResolver.java:106)
	at org.springframework.beans.factory.support.AbstractAutowireCapableBeanFactory.applyPropertyValues(AbstractAutowireCapableBeanFactory.java:1299)
	at org.springframework.beans.factory.support.AbstractAutowireCapableBeanFactory.populateBean(AbstractAutowireCapableBeanFactory.java:1061)
	at org.springframework.beans.factory.support.AbstractAutowireCapableBeanFactory.doCreateBean(AbstractAutowireCapableBeanFactory.java:511)
	at org.springframework.beans.factory.support.AbstractAutowireCapableBeanFactory.createBean(AbstractAutowireCapableBeanFactory.java:450)
	at org.springframework.beans.factory.support.AbstractBeanFactory$1.getObject(AbstractBeanFactory.java:289)
	at org.springframework.beans.factory.support.DefaultSingletonBeanRegistry.getSingleton(DefaultSingletonBeanRegistry.java:222)
	at org.springframework.beans.factory.support.AbstractBeanFactory.doGetBean(AbstractBeanFactory.java:286)
	at org.springframework.beans.factory.support.AbstractBeanFactory.getBean(AbstractBeanFactory.java:188)
	at org.springframework.beans.factory.support.DefaultListableBeanFactory.preInstantiateSingletons(DefaultListableBeanFactory.java:526)
	at org.springframework.context.support.AbstractApplicationContext.finishBeanFactoryInitialization(AbstractApplicationContext.java:730)
	at org.springframework.context.support.AbstractApplicationContext.refresh(AbstractApplicationContext.java:387)
	at org.springframework.web.context.ContextLoader.createWebApplicationContext(ContextLoader.java:270)
	at org.codehaus.groovy.grails.web.context.GrailsContextLoader.createWebApplicationContext(GrailsContextLoader.java:65)
	at org.springframework.web.context.ContextLoader.initWebApplicationContext(ContextLoader.java:197)
	at org.springframework.web.context.ContextLoaderListener.contextInitialized(ContextLoaderListener.java:47)
	at org.mortbay.jetty.handler.ContextHandler.startContext(ContextHandler.java:530)
	at org.mortbay.jetty.servlet.Context.startContext(Context.java:135)
	at org.mortbay.jetty.webapp.WebAppContext.startContext(WebAppContext.java:1218)
	at org.mortbay.jetty.handler.ContextHandler.doStart(ContextHandler.java:500)
	at org.mortbay.jetty.webapp.WebAppContext.doStart(WebAppContext.java:448)
	at org.mortbay.component.AbstractLifeCycle.start(AbstractLifeCycle.java:40)
	at org.mortbay.jetty.handler.HandlerWrapper.doStart(HandlerWrapper.java:117)
	at org.mortbay.component.AbstractLifeCycle.start(AbstractLifeCycle.java:40)
	at org.mortbay.jetty.handler.HandlerWrapper.doStart(HandlerWrapper.java:117)
	at org.mortbay.jetty.Server.doStart(Server.java:217)
	at org.mortbay.component.AbstractLifeCycle.start(AbstractLifeCycle.java:40)
	at com.google.appengine.tools.development.JettyContainerService.startContainer(JettyContainerService.java:181)
	at com.google.appengine.tools.development.AbstractContainerService.startup(AbstractContainerService.java:116)
	at com.google.appengine.tools.development.DevAppServerImpl.start(DevAppServerImpl.java:217)
	at com.google.appengine.tools.development.DevAppServerMain$StartAction.apply(DevAppServerMain.java:162)
	at com.google.appengine.tools.util.Parser$ParseResult.applyArgs(Parser.java:48)
	at com.google.appengine.tools.development.DevAppServerMain.<init>(DevAppServerMain.java:113)
	at com.google.appengine.tools.development.DevAppServerMain.main(DevAppServerMain.java:89)
Caused by: org.springframework.beans.factory.BeanCreationException: Error creating bean with name 'grailsResourceLoader' defined in ServletContext resource [/WEB-INF/applicationContext.xml]: Invocation of init method failed; nested exception is java.lang.IllegalStateException: Resource path [/Developer/grails-dev/plugins/app-engine/web-app/grails-app] does not denote a directory
	... 7 more
Caused by: java.lang.IllegalStateException: Resource path [/Developer/grails-dev/plugins/app-engine/web-app/grails-app] does not denote a directory
	at java.security.AccessController.doPrivileged(Native Method)
	... 7 more
2009-11-13 11:08:42,368 [Thread-1] ERROR StackTrace  - Sanitizing stacktrace:
org.springframework.beans.factory.BeanCreationException: Error creating bean with name 'grailsResourceLoader' defined in ServletContext resource [/WEB-INF/applicationContext.xml]: Invocation of init method failed; nested exception is java.lang.IllegalStateException: Resource path [/Developer/grails-dev/plugins/app-engine/web-app/grails-app] does not denote a directory
	at org.springframework.beans.factory.support.AbstractAutowireCapableBeanFactory.initializeBean(AbstractAutowireCapableBeanFactory.java:1395)
	at org.springframework.beans.factory.support.AbstractAutowireCapableBeanFactory.doCreateBean(AbstractAutowireCapableBeanFactory.java:512)
	at org.springframework.beans.factory.support.AbstractAutowireCapableBeanFactory.createBean(AbstractAutowireCapableBeanFactory.java:450)
	at org.springframework.beans.factory.support.AbstractBeanFactory$1.getObject(AbstractBeanFactory.java:289)
	at org.springframework.beans.factory.support.DefaultSingletonBeanRegistry.getSingleton(DefaultSingletonBeanRegistry.java:222)
	at org.springframework.beans.factory.support.AbstractBeanFactory.doGetBean(AbstractBeanFactory.java:286)
	at org.springframework.beans.factory.support.AbstractBeanFactory.getBean(AbstractBeanFactory.java:188)
	at org.springframework.beans.factory.support.BeanDefinitionValueResolver.resolveReference(BeanDefinitionValueResolver.java:322)
	at org.springframework.beans.factory.support.BeanDefinitionValueResolver.resolveValueIfNecessary(BeanDefinitionValueResolver.java:106)
	at org.springframework.beans.factory.support.AbstractAutowireCapableBeanFactory.applyPropertyValues(AbstractAutowireCapableBeanFactory.java:1299)
	at org.springframework.beans.factory.support.AbstractAutowireCapableBeanFactory.populateBean(AbstractAutowireCapableBeanFactory.java:1061)
	at org.springframework.beans.factory.support.AbstractAutowireCapableBeanFactory.doCreateBean(AbstractAutowireCapableBeanFactory.java:511)
	at org.springframework.beans.factory.support.AbstractAutowireCapableBeanFactory.createBean(AbstractAutowireCapableBeanFactory.java:450)
	at org.springframework.beans.factory.support.AbstractBeanFactory$1.getObject(AbstractBeanFactory.java:289)
	at org.springframework.beans.factory.support.DefaultSingletonBeanRegistry.getSingleton(DefaultSingletonBeanRegistry.java:222)
	at org.springframework.beans.factory.support.AbstractBeanFactory.doGetBean(AbstractBeanFactory.java:286)
	at org.springframework.beans.factory.support.AbstractBeanFactory.getBean(AbstractBeanFactory.java:188)
	at org.springframework.beans.factory.support.DefaultListableBeanFactory.preInstantiateSingletons(DefaultListableBeanFactory.java:526)
	at org.springframework.context.support.AbstractApplicationContext.finishBeanFactoryInitialization(AbstractApplicationContext.java:730)
	at org.springframework.context.support.AbstractApplicationContext.refresh(AbstractApplicationContext.java:387)
	at org.springframework.web.context.ContextLoader.createWebApplicationContext(ContextLoader.java:270)
	at org.codehaus.groovy.grails.web.context.GrailsContextLoader.createWebApplicationContext(GrailsContextLoader.java:65)
	at org.springframework.web.context.ContextLoader.initWebApplicationContext(ContextLoader.java:197)
	at org.springframework.web.context.ContextLoaderListener.contextInitialized(ContextLoaderListener.java:47)
	at org.mortbay.jetty.handler.ContextHandler.startContext(ContextHandler.java:530)
	at org.mortbay.jetty.servlet.Context.startContext(Context.java:135)
	at org.mortbay.jetty.webapp.WebAppContext.startContext(WebAppContext.java:1218)
	at org.mortbay.jetty.handler.ContextHandler.doStart(ContextHandler.java:500)
	at org.mortbay.jetty.webapp.WebAppContext.doStart(WebAppContext.java:448)
	at org.mortbay.component.AbstractLifeCycle.start(AbstractLifeCycle.java:40)
	at org.mortbay.jetty.handler.HandlerWrapper.doStart(HandlerWrapper.java:117)
	at org.mortbay.component.AbstractLifeCycle.start(AbstractLifeCycle.java:40)
	at org.mortbay.jetty.handler.HandlerWrapper.doStart(HandlerWrapper.java:117)
	at org.mortbay.jetty.Server.doStart(Server.java:217)
	at org.mortbay.component.AbstractLifeCycle.start(AbstractLifeCycle.java:40)
	at com.google.appengine.tools.development.JettyContainerService.startContainer(JettyContainerService.java:181)
	at com.google.appengine.tools.development.AbstractContainerService.startup(AbstractContainerService.java:116)
	at com.google.appengine.tools.development.DevAppServerImpl.start(DevAppServerImpl.java:217)
	at com.google.appengine.tools.development.DevAppServerMain$StartAction.apply(DevAppServerMain.java:162)
	at com.google.appengine.tools.util.Parser$ParseResult.applyArgs(Parser.java:48)
	at com.google.appengine.tools.development.DevAppServerMain.<init>(DevAppServerMain.java:113)
	at com.google.appengine.tools.development.DevAppServerMain.main(DevAppServerMain.java:89)
Caused by: java.lang.IllegalStateException: Resource path [/Developer/grails-dev/plugins/app-engine/web-app/grails-app] does not denote a directory
	at org.springframework.core.io.support.PathMatchingResourcePatternResolver.retrieveMatchingFiles(PathMatchingResourcePatternResolver.java:574)
	at org.springframework.core.io.support.PathMatchingResourcePatternResolver.doFindMatchingFileSystemResources(PathMatchingResourcePatternResolver.java:555)
	at org.springframework.core.io.support.PathMatchingResourcePatternResolver.doFindPathMatchingFileResources(PathMatchingResourcePatternResolver.java:538)
	at org.springframework.core.io.support.PathMatchingResourcePatternResolver.findPathMatchingResources(PathMatchingResourcePatternResolver.java:350)
	at org.springframework.core.io.support.PathMatchingResourcePatternResolver.getResources(PathMatchingResourcePatternResolver.java:282)
	at org.codehaus.groovy.grails.commons.GrailsResourceLoaderFactoryBean.afterPropertiesSet(GrailsResourceLoaderFactoryBean.java:67)
	at org.springframework.beans.factory.support.AbstractAutowireCapableBeanFactory$5.run(AbstractAutowireCapableBeanFactory.java:1445)
	at java.security.AccessController.doPrivileged(Native Method)
	at org.springframework.beans.factory.support.AbstractAutowireCapableBeanFactory.invokeInitMethods(AbstractAutowireCapableBeanFactory.java:1443)
	at org.springframework.beans.factory.support.AbstractAutowireCapableBeanFactory.initializeBean(AbstractAutowireCapableBeanFactory.java:1392)
	... 41 more
2009-11-13 11:08:42,389 [Thread-1] ERROR StackTrace  - Sanitizing stacktrace:
java.lang.IllegalStateException: Resource path [/Developer/grails-dev/plugins/app-engine/web-app/grails-app] does not denote a directory
	at org.springframework.core.io.support.PathMatchingResourcePatternResolver.retrieveMatchingFiles(PathMatchingResourcePatternResolver.java:574)
	at org.springframework.core.io.support.PathMatchingResourcePatternResolver.doFindMatchingFileSystemResources(PathMatchingResourcePatternResolver.java:555)
	at org.springframework.core.io.support.PathMatchingResourcePatternResolver.doFindPathMatchingFileResources(PathMatchingResourcePatternResolver.java:538)
	at org.springframework.core.io.support.PathMatchingResourcePatternResolver.findPathMatchingResources(PathMatchingResourcePatternResolver.java:350)
	at org.springframework.core.io.support.PathMatchingResourcePatternResolver.getResources(PathMatchingResourcePatternResolver.java:282)
	at org.codehaus.groovy.grails.commons.GrailsResourceLoaderFactoryBean.afterPropertiesSet(GrailsResourceLoaderFactoryBean.java:67)
	at org.springframework.beans.factory.support.AbstractAutowireCapableBeanFactory$5.run(AbstractAutowireCapableBeanFactory.java:1445)
	at java.security.AccessController.doPrivileged(Native Method)
	at org.springframework.beans.factory.support.AbstractAutowireCapableBeanFactory.invokeInitMethods(AbstractAutowireCapableBeanFactory.java:1443)
	at org.springframework.beans.factory.support.AbstractAutowireCapableBeanFactory.initializeBean(AbstractAutowireCapableBeanFactory.java:1392)
	at org.springframework.beans.factory.support.AbstractAutowireCapableBeanFactory.doCreateBean(AbstractAutowireCapableBeanFactory.java:512)
	at org.springframework.beans.factory.support.AbstractAutowireCapableBeanFactory.createBean(AbstractAutowireCapableBeanFactory.java:450)
	at org.springframework.beans.factory.support.AbstractBeanFactory$1.getObject(AbstractBeanFactory.java:289)
	at org.springframework.beans.factory.support.DefaultSingletonBeanRegistry.getSingleton(DefaultSingletonBeanRegistry.java:222)
	at org.springframework.beans.factory.support.AbstractBeanFactory.doGetBean(AbstractBeanFactory.java:286)
	at org.springframework.beans.factory.support.AbstractBeanFactory.getBean(AbstractBeanFactory.java:188)
	at org.springframework.beans.factory.support.BeanDefinitionValueResolver.resolveReference(BeanDefinitionValueResolver.java:322)
	at org.springframework.beans.factory.support.BeanDefinitionValueResolver.resolveValueIfNecessary(BeanDefinitionValueResolver.java:106)
	at org.springframework.beans.factory.support.AbstractAutowireCapableBeanFactory.applyPropertyValues(AbstractAutowireCapableBeanFactory.java:1299)
	at org.springframework.beans.factory.support.AbstractAutowireCapableBeanFactory.populateBean(AbstractAutowireCapableBeanFactory.java:1061)
	at org.springframework.beans.factory.support.AbstractAutowireCapableBeanFactory.doCreateBean(AbstractAutowireCapableBeanFactory.java:511)
	at org.springframework.beans.factory.support.AbstractAutowireCapableBeanFactory.createBean(AbstractAutowireCapableBeanFactory.java:450)
	at org.springframework.beans.factory.support.AbstractBeanFactory$1.getObject(AbstractBeanFactory.java:289)
	at org.springframework.beans.factory.support.DefaultSingletonBeanRegistry.getSingleton(DefaultSingletonBeanRegistry.java:222)
	at org.springframework.beans.factory.support.AbstractBeanFactory.doGetBean(AbstractBeanFactory.java:286)
	at org.springframework.beans.factory.support.AbstractBeanFactory.getBean(AbstractBeanFactory.java:188)
	at org.springframework.beans.factory.support.DefaultListableBeanFactory.preInstantiateSingletons(DefaultListableBeanFactory.java:526)
	at org.springframework.context.support.AbstractApplicationContext.finishBeanFactoryInitialization(AbstractApplicationContext.java:730)
	at org.springframework.context.support.AbstractApplicationContext.refresh(AbstractApplicationContext.java:387)
	at org.springframework.web.context.ContextLoader.createWebApplicationContext(ContextLoader.java:270)
	at org.codehaus.groovy.grails.web.context.GrailsContextLoader.createWebApplicationContext(GrailsContextLoader.java:65)
	at org.springframework.web.context.ContextLoader.initWebApplicationContext(ContextLoader.java:197)
	at org.springframework.web.context.ContextLoaderListener.contextInitialized(ContextLoaderListener.java:47)
	at org.mortbay.jetty.handler.ContextHandler.startContext(ContextHandler.java:530)
	at org.mortbay.jetty.servlet.Context.startContext(Context.java:135)
	at org.mortbay.jetty.webapp.WebAppContext.startContext(WebAppContext.java:1218)
	at org.mortbay.jetty.handler.ContextHandler.doStart(ContextHandler.java:500)
	at org.mortbay.jetty.webapp.WebAppContext.doStart(WebAppContext.java:448)
	at org.mortbay.component.AbstractLifeCycle.start(AbstractLifeCycle.java:40)
	at org.mortbay.jetty.handler.HandlerWrapper.doStart(HandlerWrapper.java:117)
	at org.mortbay.component.AbstractLifeCycle.start(AbstractLifeCycle.java:40)
	at org.mortbay.jetty.handler.HandlerWrapper.doStart(HandlerWrapper.java:117)
	at org.mortbay.jetty.Server.doStart(Server.java:217)
	at org.mortbay.component.AbstractLifeCycle.start(AbstractLifeCycle.java:40)
	at com.google.appengine.tools.development.JettyContainerService.startContainer(JettyContainerService.java:181)
	at com.google.appengine.tools.development.AbstractContainerService.startup(AbstractContainerService.java:116)
	at com.google.appengine.tools.development.DevAppServerImpl.start(DevAppServerImpl.java:217)
	at com.google.appengine.tools.development.DevAppServerMain$StartAction.apply(DevAppServerMain.java:162)
	at com.google.appengine.tools.util.Parser$ParseResult.applyArgs(Parser.java:48)
	at com.google.appengine.tools.development.DevAppServerMain.<init>(DevAppServerMain.java:113)
	at com.google.appengine.tools.development.DevAppServerMain.main(DevAppServerMain.java:89)
2009-11-13 11:08:42,390 [Thread-1] ERROR StackTrace  - Sanitizing stacktrace:
org.springframework.beans.factory.BeanCreationException: Error creating bean with name 'grailsApplication' defined in ServletContext resource [/WEB-INF/applicationContext.xml]: Cannot resolve reference to bean 'grailsResourceLoader' while setting bean property 'grailsResourceLoader'; nested exception is org.springframework.beans.factory.BeanCreationException: Error creating bean with name 'grailsResourceLoader' defined in ServletContext resource [/WEB-INF/applicationContext.xml]: Invocation of init method failed; nested exception is java.lang.IllegalStateException: Resource path [/Developer/grails-dev/plugins/app-engine/web-app/grails-app] does not denote a directory
	at org.springframework.beans.factory.support.BeanDefinitionValueResolver.resolveReference(BeanDefinitionValueResolver.java:328)
	at org.springframework.beans.factory.support.BeanDefinitionValueResolver.resolveValueIfNecessary(BeanDefinitionValueResolver.java:106)
	at org.springframework.beans.factory.support.AbstractAutowireCapableBeanFactory.applyPropertyValues(AbstractAutowireCapableBeanFactory.java:1299)
	at org.springframework.beans.factory.support.AbstractAutowireCapableBeanFactory.populateBean(AbstractAutowireCapableBeanFactory.java:1061)
	at org.springframework.beans.factory.support.AbstractAutowireCapableBeanFactory.doCreateBean(AbstractAutowireCapableBeanFactory.java:511)
	at org.springframework.beans.factory.support.AbstractAutowireCapableBeanFactory.createBean(AbstractAutowireCapableBeanFactory.java:450)
	at org.springframework.beans.factory.support.AbstractBeanFactory$1.getObject(AbstractBeanFactory.java:289)
	at org.springframework.beans.factory.support.DefaultSingletonBeanRegistry.getSingleton(DefaultSingletonBeanRegistry.java:222)
	at org.springframework.beans.factory.support.AbstractBeanFactory.doGetBean(AbstractBeanFactory.java:286)
	at org.springframework.beans.factory.support.AbstractBeanFactory.getBean(AbstractBeanFactory.java:188)
	at org.springframework.beans.factory.support.DefaultListableBeanFactory.preInstantiateSingletons(DefaultListableBeanFactory.java:526)
	at org.springframework.context.support.AbstractApplicationContext.finishBeanFactoryInitialization(AbstractApplicationContext.java:730)
	at org.springframework.context.support.AbstractApplicationContext.refresh(AbstractApplicationContext.java:387)
	at org.springframework.web.context.ContextLoader.createWebApplicationContext(ContextLoader.java:270)
	at org.codehaus.groovy.grails.web.context.GrailsContextLoader.createWebApplicationContext(GrailsContextLoader.java:65)
	at org.springframework.web.context.ContextLoader.initWebApplicationContext(ContextLoader.java:197)
	at org.springframework.web.context.ContextLoaderListener.contextInitialized(ContextLoaderListener.java:47)
	at org.mortbay.jetty.handler.ContextHandler.startContext(ContextHandler.java:530)
	at org.mortbay.jetty.servlet.Context.startContext(Context.java:135)
	at org.mortbay.jetty.webapp.WebAppContext.startContext(WebAppContext.java:1218)
	at org.mortbay.jetty.handler.ContextHandler.doStart(ContextHandler.java:500)
	at org.mortbay.jetty.webapp.WebAppContext.doStart(WebAppContext.java:448)
	at org.mortbay.component.AbstractLifeCycle.start(AbstractLifeCycle.java:40)
	at org.mortbay.jetty.handler.HandlerWrapper.doStart(HandlerWrapper.java:117)
	at org.mortbay.component.AbstractLifeCycle.start(AbstractLifeCycle.java:40)
	at org.mortbay.jetty.handler.HandlerWrapper.doStart(HandlerWrapper.java:117)
	at org.mortbay.jetty.Server.doStart(Server.java:217)
	at org.mortbay.component.AbstractLifeCycle.start(AbstractLifeCycle.java:40)
	at com.google.appengine.tools.development.JettyContainerService.startContainer(JettyContainerService.java:181)
	at com.google.appengine.tools.development.AbstractContainerService.startup(AbstractContainerService.java:116)
	at com.google.appengine.tools.development.DevAppServerImpl.start(DevAppServerImpl.java:217)
	at com.google.appengine.tools.development.DevAppServerMain$StartAction.apply(DevAppServerMain.java:162)
	at com.google.appengine.tools.util.Parser$ParseResult.applyArgs(Parser.java:48)
	at com.google.appengine.tools.development.DevAppServerMain.<init>(DevAppServerMain.java:113)
	at com.google.appengine.tools.development.DevAppServerMain.main(DevAppServerMain.java:89)
Caused by: org.springframework.beans.factory.BeanCreationException: Error creating bean with name 'grailsResourceLoader' defined in ServletContext resource [/WEB-INF/applicationContext.xml]: Invocation of init method failed; nested exception is java.lang.IllegalStateException: Resource path [/Developer/grails-dev/plugins/app-engine/web-app/grails-app] does not denote a directory
	... 7 more
Caused by: java.lang.IllegalStateException: Resource path [/Developer/grails-dev/plugins/app-engine/web-app/grails-app] does not denote a directory
	at java.security.AccessController.doPrivileged(Native Method)
	... 7 more
2009-11-13 11:11:19,076 [Thread-1] ERROR StackTrace  - Sanitizing stacktrace:
org.springframework.beans.factory.BeanCreationException: Error creating bean with name 'grailsResourceLoader' defined in ServletContext resource [/WEB-INF/applicationContext.xml]: Invocation of init method failed; nested exception is java.lang.IllegalStateException: Resource path [/Developer/grails-dev/plugins/app-engine/web-app/grails-app] does not denote a directory
	at org.springframework.beans.factory.support.AbstractAutowireCapableBeanFactory.initializeBean(AbstractAutowireCapableBeanFactory.java:1395)
	at org.springframework.beans.factory.support.AbstractAutowireCapableBeanFactory.doCreateBean(AbstractAutowireCapableBeanFactory.java:512)
	at org.springframework.beans.factory.support.AbstractAutowireCapableBeanFactory.createBean(AbstractAutowireCapableBeanFactory.java:450)
	at org.springframework.beans.factory.support.AbstractBeanFactory$1.getObject(AbstractBeanFactory.java:289)
	at org.springframework.beans.factory.support.DefaultSingletonBeanRegistry.getSingleton(DefaultSingletonBeanRegistry.java:222)
	at org.springframework.beans.factory.support.AbstractBeanFactory.doGetBean(AbstractBeanFactory.java:286)
	at org.springframework.beans.factory.support.AbstractBeanFactory.getBean(AbstractBeanFactory.java:188)
	at org.springframework.beans.factory.support.BeanDefinitionValueResolver.resolveReference(BeanDefinitionValueResolver.java:322)
	at org.springframework.beans.factory.support.BeanDefinitionValueResolver.resolveValueIfNecessary(BeanDefinitionValueResolver.java:106)
	at org.springframework.beans.factory.support.AbstractAutowireCapableBeanFactory.applyPropertyValues(AbstractAutowireCapableBeanFactory.java:1299)
	at org.springframework.beans.factory.support.AbstractAutowireCapableBeanFactory.populateBean(AbstractAutowireCapableBeanFactory.java:1061)
	at org.springframework.beans.factory.support.AbstractAutowireCapableBeanFactory.doCreateBean(AbstractAutowireCapableBeanFactory.java:511)
	at org.springframework.beans.factory.support.AbstractAutowireCapableBeanFactory.createBean(AbstractAutowireCapableBeanFactory.java:450)
	at org.springframework.beans.factory.support.AbstractBeanFactory$1.getObject(AbstractBeanFactory.java:289)
	at org.springframework.beans.factory.support.DefaultSingletonBeanRegistry.getSingleton(DefaultSingletonBeanRegistry.java:222)
	at org.springframework.beans.factory.support.AbstractBeanFactory.doGetBean(AbstractBeanFactory.java:286)
	at org.springframework.beans.factory.support.AbstractBeanFactory.getBean(AbstractBeanFactory.java:188)
	at org.springframework.beans.factory.support.DefaultListableBeanFactory.preInstantiateSingletons(DefaultListableBeanFactory.java:526)
	at org.springframework.context.support.AbstractApplicationContext.finishBeanFactoryInitialization(AbstractApplicationContext.java:730)
	at org.springframework.context.support.AbstractApplicationContext.refresh(AbstractApplicationContext.java:387)
	at org.springframework.web.context.ContextLoader.createWebApplicationContext(ContextLoader.java:270)
	at org.codehaus.groovy.grails.web.context.GrailsContextLoader.createWebApplicationContext(GrailsContextLoader.java:65)
	at org.springframework.web.context.ContextLoader.initWebApplicationContext(ContextLoader.java:197)
	at org.springframework.web.context.ContextLoaderListener.contextInitialized(ContextLoaderListener.java:47)
	at org.mortbay.jetty.handler.ContextHandler.startContext(ContextHandler.java:530)
	at org.mortbay.jetty.servlet.Context.startContext(Context.java:135)
	at org.mortbay.jetty.webapp.WebAppContext.startContext(WebAppContext.java:1218)
	at org.mortbay.jetty.handler.ContextHandler.doStart(ContextHandler.java:500)
	at org.mortbay.jetty.webapp.WebAppContext.doStart(WebAppContext.java:448)
	at org.mortbay.component.AbstractLifeCycle.start(AbstractLifeCycle.java:40)
	at org.mortbay.jetty.handler.HandlerWrapper.doStart(HandlerWrapper.java:117)
	at org.mortbay.component.AbstractLifeCycle.start(AbstractLifeCycle.java:40)
	at org.mortbay.jetty.handler.HandlerWrapper.doStart(HandlerWrapper.java:117)
	at org.mortbay.jetty.Server.doStart(Server.java:217)
	at org.mortbay.component.AbstractLifeCycle.start(AbstractLifeCycle.java:40)
	at com.google.appengine.tools.development.JettyContainerService.startContainer(JettyContainerService.java:181)
	at com.google.appengine.tools.development.AbstractContainerService.startup(AbstractContainerService.java:116)
	at com.google.appengine.tools.development.DevAppServerImpl.start(DevAppServerImpl.java:217)
	at com.google.appengine.tools.development.DevAppServerMain$StartAction.apply(DevAppServerMain.java:162)
	at com.google.appengine.tools.util.Parser$ParseResult.applyArgs(Parser.java:48)
	at com.google.appengine.tools.development.DevAppServerMain.<init>(DevAppServerMain.java:113)
	at com.google.appengine.tools.development.DevAppServerMain.main(DevAppServerMain.java:89)
Caused by: java.lang.IllegalStateException: Resource path [/Developer/grails-dev/plugins/app-engine/web-app/grails-app] does not denote a directory
	at org.springframework.core.io.support.PathMatchingResourcePatternResolver.retrieveMatchingFiles(PathMatchingResourcePatternResolver.java:574)
	at org.springframework.core.io.support.PathMatchingResourcePatternResolver.doFindMatchingFileSystemResources(PathMatchingResourcePatternResolver.java:555)
	at org.springframework.core.io.support.PathMatchingResourcePatternResolver.doFindPathMatchingFileResources(PathMatchingResourcePatternResolver.java:538)
	at org.springframework.core.io.support.PathMatchingResourcePatternResolver.findPathMatchingResources(PathMatchingResourcePatternResolver.java:350)
	at org.springframework.core.io.support.PathMatchingResourcePatternResolver.getResources(PathMatchingResourcePatternResolver.java:282)
	at org.codehaus.groovy.grails.commons.GrailsResourceLoaderFactoryBean.afterPropertiesSet(GrailsResourceLoaderFactoryBean.java:67)
	at org.springframework.beans.factory.support.AbstractAutowireCapableBeanFactory$5.run(AbstractAutowireCapableBeanFactory.java:1445)
	at java.security.AccessController.doPrivileged(Native Method)
	at org.springframework.beans.factory.support.AbstractAutowireCapableBeanFactory.invokeInitMethods(AbstractAutowireCapableBeanFactory.java:1443)
	at org.springframework.beans.factory.support.AbstractAutowireCapableBeanFactory.initializeBean(AbstractAutowireCapableBeanFactory.java:1392)
	... 41 more
2009-11-13 11:11:19,099 [Thread-1] ERROR StackTrace  - Sanitizing stacktrace:
java.lang.IllegalStateException: Resource path [/Developer/grails-dev/plugins/app-engine/web-app/grails-app] does not denote a directory
	at org.springframework.core.io.support.PathMatchingResourcePatternResolver.retrieveMatchingFiles(PathMatchingResourcePatternResolver.java:574)
	at org.springframework.core.io.support.PathMatchingResourcePatternResolver.doFindMatchingFileSystemResources(PathMatchingResourcePatternResolver.java:555)
	at org.springframework.core.io.support.PathMatchingResourcePatternResolver.doFindPathMatchingFileResources(PathMatchingResourcePatternResolver.java:538)
	at org.springframework.core.io.support.PathMatchingResourcePatternResolver.findPathMatchingResources(PathMatchingResourcePatternResolver.java:350)
	at org.springframework.core.io.support.PathMatchingResourcePatternResolver.getResources(PathMatchingResourcePatternResolver.java:282)
	at org.codehaus.groovy.grails.commons.GrailsResourceLoaderFactoryBean.afterPropertiesSet(GrailsResourceLoaderFactoryBean.java:67)
	at org.springframework.beans.factory.support.AbstractAutowireCapableBeanFactory$5.run(AbstractAutowireCapableBeanFactory.java:1445)
	at java.security.AccessController.doPrivileged(Native Method)
	at org.springframework.beans.factory.support.AbstractAutowireCapableBeanFactory.invokeInitMethods(AbstractAutowireCapableBeanFactory.java:1443)
	at org.springframework.beans.factory.support.AbstractAutowireCapableBeanFactory.initializeBean(AbstractAutowireCapableBeanFactory.java:1392)
	at org.springframework.beans.factory.support.AbstractAutowireCapableBeanFactory.doCreateBean(AbstractAutowireCapableBeanFactory.java:512)
	at org.springframework.beans.factory.support.AbstractAutowireCapableBeanFactory.createBean(AbstractAutowireCapableBeanFactory.java:450)
	at org.springframework.beans.factory.support.AbstractBeanFactory$1.getObject(AbstractBeanFactory.java:289)
	at org.springframework.beans.factory.support.DefaultSingletonBeanRegistry.getSingleton(DefaultSingletonBeanRegistry.java:222)
	at org.springframework.beans.factory.support.AbstractBeanFactory.doGetBean(AbstractBeanFactory.java:286)
	at org.springframework.beans.factory.support.AbstractBeanFactory.getBean(AbstractBeanFactory.java:188)
	at org.springframework.beans.factory.support.BeanDefinitionValueResolver.resolveReference(BeanDefinitionValueResolver.java:322)
	at org.springframework.beans.factory.support.BeanDefinitionValueResolver.resolveValueIfNecessary(BeanDefinitionValueResolver.java:106)
	at org.springframework.beans.factory.support.AbstractAutowireCapableBeanFactory.applyPropertyValues(AbstractAutowireCapableBeanFactory.java:1299)
	at org.springframework.beans.factory.support.AbstractAutowireCapableBeanFactory.populateBean(AbstractAutowireCapableBeanFactory.java:1061)
	at org.springframework.beans.factory.support.AbstractAutowireCapableBeanFactory.doCreateBean(AbstractAutowireCapableBeanFactory.java:511)
	at org.springframework.beans.factory.support.AbstractAutowireCapableBeanFactory.createBean(AbstractAutowireCapableBeanFactory.java:450)
	at org.springframework.beans.factory.support.AbstractBeanFactory$1.getObject(AbstractBeanFactory.java:289)
	at org.springframework.beans.factory.support.DefaultSingletonBeanRegistry.getSingleton(DefaultSingletonBeanRegistry.java:222)
	at org.springframework.beans.factory.support.AbstractBeanFactory.doGetBean(AbstractBeanFactory.java:286)
	at org.springframework.beans.factory.support.AbstractBeanFactory.getBean(AbstractBeanFactory.java:188)
	at org.springframework.beans.factory.support.DefaultListableBeanFactory.preInstantiateSingletons(DefaultListableBeanFactory.java:526)
	at org.springframework.context.support.AbstractApplicationContext.finishBeanFactoryInitialization(AbstractApplicationContext.java:730)
	at org.springframework.context.support.AbstractApplicationContext.refresh(AbstractApplicationContext.java:387)
	at org.springframework.web.context.ContextLoader.createWebApplicationContext(ContextLoader.java:270)
	at org.codehaus.groovy.grails.web.context.GrailsContextLoader.createWebApplicationContext(GrailsContextLoader.java:65)
	at org.springframework.web.context.ContextLoader.initWebApplicationContext(ContextLoader.java:197)
	at org.springframework.web.context.ContextLoaderListener.contextInitialized(ContextLoaderListener.java:47)
	at org.mortbay.jetty.handler.ContextHandler.startContext(ContextHandler.java:530)
	at org.mortbay.jetty.servlet.Context.startContext(Context.java:135)
	at org.mortbay.jetty.webapp.WebAppContext.startContext(WebAppContext.java:1218)
	at org.mortbay.jetty.handler.ContextHandler.doStart(ContextHandler.java:500)
	at org.mortbay.jetty.webapp.WebAppContext.doStart(WebAppContext.java:448)
	at org.mortbay.component.AbstractLifeCycle.start(AbstractLifeCycle.java:40)
	at org.mortbay.jetty.handler.HandlerWrapper.doStart(HandlerWrapper.java:117)
	at org.mortbay.component.AbstractLifeCycle.start(AbstractLifeCycle.java:40)
	at org.mortbay.jetty.handler.HandlerWrapper.doStart(HandlerWrapper.java:117)
	at org.mortbay.jetty.Server.doStart(Server.java:217)
	at org.mortbay.component.AbstractLifeCycle.start(AbstractLifeCycle.java:40)
	at com.google.appengine.tools.development.JettyContainerService.startContainer(JettyContainerService.java:181)
	at com.google.appengine.tools.development.AbstractContainerService.startup(AbstractContainerService.java:116)
	at com.google.appengine.tools.development.DevAppServerImpl.start(DevAppServerImpl.java:217)
	at com.google.appengine.tools.development.DevAppServerMain$StartAction.apply(DevAppServerMain.java:162)
	at com.google.appengine.tools.util.Parser$ParseResult.applyArgs(Parser.java:48)
	at com.google.appengine.tools.development.DevAppServerMain.<init>(DevAppServerMain.java:113)
	at com.google.appengine.tools.development.DevAppServerMain.main(DevAppServerMain.java:89)
2009-11-13 11:11:19,101 [Thread-1] ERROR StackTrace  - Sanitizing stacktrace:
org.springframework.beans.factory.BeanCreationException: Error creating bean with name 'grailsApplication' defined in ServletContext resource [/WEB-INF/applicationContext.xml]: Cannot resolve reference to bean 'grailsResourceLoader' while setting bean property 'grailsResourceLoader'; nested exception is org.springframework.beans.factory.BeanCreationException: Error creating bean with name 'grailsResourceLoader' defined in ServletContext resource [/WEB-INF/applicationContext.xml]: Invocation of init method failed; nested exception is java.lang.IllegalStateException: Resource path [/Developer/grails-dev/plugins/app-engine/web-app/grails-app] does not denote a directory
	at org.springframework.beans.factory.support.BeanDefinitionValueResolver.resolveReference(BeanDefinitionValueResolver.java:328)
	at org.springframework.beans.factory.support.BeanDefinitionValueResolver.resolveValueIfNecessary(BeanDefinitionValueResolver.java:106)
	at org.springframework.beans.factory.support.AbstractAutowireCapableBeanFactory.applyPropertyValues(AbstractAutowireCapableBeanFactory.java:1299)
	at org.springframework.beans.factory.support.AbstractAutowireCapableBeanFactory.populateBean(AbstractAutowireCapableBeanFactory.java:1061)
	at org.springframework.beans.factory.support.AbstractAutowireCapableBeanFactory.doCreateBean(AbstractAutowireCapableBeanFactory.java:511)
	at org.springframework.beans.factory.support.AbstractAutowireCapableBeanFactory.createBean(AbstractAutowireCapableBeanFactory.java:450)
	at org.springframework.beans.factory.support.AbstractBeanFactory$1.getObject(AbstractBeanFactory.java:289)
	at org.springframework.beans.factory.support.DefaultSingletonBeanRegistry.getSingleton(DefaultSingletonBeanRegistry.java:222)
	at org.springframework.beans.factory.support.AbstractBeanFactory.doGetBean(AbstractBeanFactory.java:286)
	at org.springframework.beans.factory.support.AbstractBeanFactory.getBean(AbstractBeanFactory.java:188)
	at org.springframework.beans.factory.support.DefaultListableBeanFactory.preInstantiateSingletons(DefaultListableBeanFactory.java:526)
	at org.springframework.context.support.AbstractApplicationContext.finishBeanFactoryInitialization(AbstractApplicationContext.java:730)
	at org.springframework.context.support.AbstractApplicationContext.refresh(AbstractApplicationContext.java:387)
	at org.springframework.web.context.ContextLoader.createWebApplicationContext(ContextLoader.java:270)
	at org.codehaus.groovy.grails.web.context.GrailsContextLoader.createWebApplicationContext(GrailsContextLoader.java:65)
	at org.springframework.web.context.ContextLoader.initWebApplicationContext(ContextLoader.java:197)
	at org.springframework.web.context.ContextLoaderListener.contextInitialized(ContextLoaderListener.java:47)
	at org.mortbay.jetty.handler.ContextHandler.startContext(ContextHandler.java:530)
	at org.mortbay.jetty.servlet.Context.startContext(Context.java:135)
	at org.mortbay.jetty.webapp.WebAppContext.startContext(WebAppContext.java:1218)
	at org.mortbay.jetty.handler.ContextHandler.doStart(ContextHandler.java:500)
	at org.mortbay.jetty.webapp.WebAppContext.doStart(WebAppContext.java:448)
	at org.mortbay.component.AbstractLifeCycle.start(AbstractLifeCycle.java:40)
	at org.mortbay.jetty.handler.HandlerWrapper.doStart(HandlerWrapper.java:117)
	at org.mortbay.component.AbstractLifeCycle.start(AbstractLifeCycle.java:40)
	at org.mortbay.jetty.handler.HandlerWrapper.doStart(HandlerWrapper.java:117)
	at org.mortbay.jetty.Server.doStart(Server.java:217)
	at org.mortbay.component.AbstractLifeCycle.start(AbstractLifeCycle.java:40)
	at com.google.appengine.tools.development.JettyContainerService.startContainer(JettyContainerService.java:181)
	at com.google.appengine.tools.development.AbstractContainerService.startup(AbstractContainerService.java:116)
	at com.google.appengine.tools.development.DevAppServerImpl.start(DevAppServerImpl.java:217)
	at com.google.appengine.tools.development.DevAppServerMain$StartAction.apply(DevAppServerMain.java:162)
	at com.google.appengine.tools.util.Parser$ParseResult.applyArgs(Parser.java:48)
	at com.google.appengine.tools.development.DevAppServerMain.<init>(DevAppServerMain.java:113)
	at com.google.appengine.tools.development.DevAppServerMain.main(DevAppServerMain.java:89)
Caused by: org.springframework.beans.factory.BeanCreationException: Error creating bean with name 'grailsResourceLoader' defined in ServletContext resource [/WEB-INF/applicationContext.xml]: Invocation of init method failed; nested exception is java.lang.IllegalStateException: Resource path [/Developer/grails-dev/plugins/app-engine/web-app/grails-app] does not denote a directory
	... 7 more
Caused by: java.lang.IllegalStateException: Resource path [/Developer/grails-dev/plugins/app-engine/web-app/grails-app] does not denote a directory
	at java.security.AccessController.doPrivileged(Native Method)
	... 7 more
